\BOOKMARK [0][-]{section*.1}{\376\377\000\315\000n\000d\000i\000c\000e\000\040\000g\000e\000n\000e\000r\000a\000l}{}% 1
\BOOKMARK [0][-]{section*.2}{\376\377\000\315\000n\000d\000i\000c\000e\000\040\000d\000e\000\040\000f\000i\000g\000u\000r\000a\000s}{}% 2
\BOOKMARK [0][-]{section*.3}{\376\377\000\315\000n\000d\000i\000c\000e\000\040\000d\000e\000\040\000t\000a\000b\000l\000a\000s}{}% 3
\BOOKMARK [0][-]{chapter*.4}{\376\377\0001\000.\000\040\000I\000n\000t\000r\000o\000d\000u\000c\000c\000i\000\363\000n}{}% 4
\BOOKMARK [1][-]{section.1.1}{\376\377\000C\000o\000n\000t\000e\000x\000t\000o}{chapter*.4}% 5
\BOOKMARK [1][-]{section.1.2}{\376\377\000M\000o\000t\000i\000v\000a\000c\000i\000\363\000n}{chapter*.4}% 6
\BOOKMARK [1][-]{section.1.3}{\376\377\000A\000p\000l\000i\000c\000a\000c\000i\000o\000n\000e\000s\000\040\000s\000i\000m\000i\000l\000a\000r\000e\000s}{chapter*.4}% 7
\BOOKMARK [1][-]{section.1.4}{\376\377\000E\000s\000t\000r\000u\000c\000t\000u\000r\000a\000\040\000d\000e\000\040\000l\000a\000\040\000m\000e\000m\000o\000r\000i\000a}{chapter*.4}% 8
\BOOKMARK [0][-]{chapter*.5}{\376\377\0002\000.\000\040\000O\000b\000j\000e\000t\000i\000v\000o\000s\000\040\000d\000e\000l\000\040\000p\000r\000o\000y\000e\000c\000t\000o}{}% 9
\BOOKMARK [1][-]{section.2.1}{\376\377\000I\000n\000t\000r\000o\000d\000u\000c\000c\000i\000\363\000n}{chapter*.5}% 10
\BOOKMARK [1][-]{section.2.2}{\376\377\000O\000b\000j\000e\000t\000i\000v\000o\000s\000\040\000d\000e\000\040\000d\000e\000s\000a\000r\000r\000o\000l\000l\000o}{chapter*.5}% 11
\BOOKMARK [1][-]{section.2.3}{\376\377\000O\000b\000j\000e\000t\000i\000v\000o\000s\000\040\000a\000c\000a\000d\000\351\000m\000i\000c\000o\000s}{chapter*.5}% 12
\BOOKMARK [0][-]{chapter*.6}{\376\377\0003\000.\000\040\000C\000o\000n\000c\000e\000p\000t\000o\000s\000\040\000t\000e\000\363\000r\000i\000c\000o\000s}{}% 13
\BOOKMARK [1][-]{section.3.1}{\376\377\000I\000n\000t\000r\000o\000d\000u\000c\000c\000i\000\363\000n}{chapter*.6}% 14
\BOOKMARK [1][-]{section.3.2}{\376\377\000I\000n\000t\000r\000o\000d\000u\000c\000c\000i\000\363\000n\000\040\000a\000\040\000l\000a\000\040\000i\000n\000t\000e\000l\000i\000g\000e\000n\000c\000i\000a\000\040\000a\000r\000t\000i\000f\000i\000c\000i\000a\000l}{chapter*.6}% 15
\BOOKMARK [1][-]{section.3.3}{\376\377\000M\000a\000c\000h\000i\000n\000e\000\040\000l\000e\000a\000r\000n\000i\000n\000g}{chapter*.6}% 16
\BOOKMARK [1][-]{section.3.4}{\376\377\000D\000e\000e\000p\000\040\000l\000e\000a\000r\000n\000i\000n\000g}{chapter*.6}% 17
\BOOKMARK [1][-]{section.3.5}{\376\377\000V\000a\000l\000i\000d\000a\000c\000i\000\363\000n\000\040\000c\000r\000u\000z\000a\000d\000a\000\040\000y\000\040\000d\000i\000v\000i\000s\000i\000\363\000n\000\040\000d\000e\000\040\000l\000o\000s\000\040\000d\000a\000t\000o\000s}{chapter*.6}% 18
\BOOKMARK [0][-]{chapter*.7}{\376\377\0004\000.\000\040\000T\000\351\000c\000n\000i\000c\000a\000s\000\040\000y\000\040\000h\000e\000r\000r\000a\000m\000i\000e\000n\000t\000a\000s}{}% 19
\BOOKMARK [1][-]{section.4.1}{\376\377\000I\000n\000t\000r\000o\000d\000u\000c\000c\000i\000\363\000n}{chapter*.7}% 20
\BOOKMARK [1][-]{section.4.2}{\376\377\000O\000b\000t\000e\000n\000c\000i\000\363\000n\000\040\000d\000e\000\040\000l\000o\000s\000\040\000d\000a\000t\000o\000s}{chapter*.7}% 21
\BOOKMARK [1][-]{section.4.3}{\376\377\000T\000e\000c\000n\000o\000l\000o\000g\000\355\000a\000s\000\040\000u\000t\000i\000l\000i\000z\000a\000d\000a\000s}{chapter*.7}% 22
\BOOKMARK [0][-]{chapter*.8}{\376\377\0005\000.\000\040\000A\000s\000p\000e\000c\000t\000o\000s\000\040\000r\000e\000l\000e\000v\000a\000n\000t\000e\000s\000\040\000d\000e\000l\000\040\000d\000e\000s\000a\000r\000r\000o\000l\000l\000o\000\040\000d\000e\000l\000\040\000p\000r\000o\000y\000e\000c\000t\000o}{}% 23
\BOOKMARK [1][-]{section.5.1}{\376\377\000I\000n\000t\000r\000o\000d\000u\000c\000c\000i\000\363\000n}{chapter*.8}% 24
\BOOKMARK [1][-]{section.5.2}{\376\377\000M\000e\000t\000o\000d\000o\000l\000o\000g\000\355\000a}{chapter*.8}% 25
\BOOKMARK [1][-]{section.5.3}{\376\377\000A\000l\000c\000a\000n\000c\000e}{chapter*.8}% 26
\BOOKMARK [1][-]{section.5.4}{\376\377\000P\000l\000a\000n\000\040\000d\000e\000\040\000p\000r\000o\000y\000e\000c\000t\000o}{chapter*.8}% 27
\BOOKMARK [1][-]{section.5.5}{\376\377\000M\000o\000d\000e\000l\000o\000\040\000d\000e\000\040\000l\000o\000s\000\040\000d\000a\000t\000o\000s}{chapter*.8}% 28
\BOOKMARK [1][-]{section.5.6}{\376\377\000L\000i\000m\000p\000i\000e\000z\000a\000\040\000y\000\040\000t\000r\000a\000n\000s\000f\000o\000r\000m\000a\000c\000i\000\363\000n\000\040\000d\000e\000\040\000l\000o\000s\000\040\000d\000a\000t\000o\000s}{chapter*.8}% 29
\BOOKMARK [1][-]{section.5.7}{\376\377\000A\000n\000\341\000l\000i\000s\000i\000s\000\040\000d\000e\000\040\000l\000a\000s\000\040\000c\000l\000a\000s\000e\000s\000\040\000a\000\040\000p\000r\000e\000d\000e\000c\000i\000r}{chapter*.8}% 30
\BOOKMARK [1][-]{section.5.8}{\376\377\000I\000m\000p\000l\000e\000m\000e\000n\000t\000a\000c\000i\000\363\000n}{chapter*.8}% 31
\BOOKMARK [1][-]{section.5.9}{\376\377\000P\000r\000o\000c\000e\000s\000o\000\040\000d\000e\000\040\000e\000l\000e\000c\000c\000i\000\363\000n\000\040\000d\000e\000\040\000l\000o\000s\000\040\000m\000e\000j\000o\000r\000e\000s\000\040\000m\000o\000d\000e\000l\000o\000s}{chapter*.8}% 32
\BOOKMARK [0][-]{chapter*.12}{\376\377\0006\000.\000\040\000E\000s\000t\000u\000d\000i\000o\000\040\000y\000\040\000r\000e\000s\000u\000l\000t\000a\000d\000o\000s\000\040\000o\000b\000t\000e\000n\000i\000d\000o\000s\000\040\000s\000o\000b\000r\000e\000\040\000l\000o\000s\000\040\000d\000a\000t\000o\000s}{}% 33
\BOOKMARK [1][-]{section.6.1}{\376\377\000I\000n\000t\000r\000o\000d\000u\000c\000c\000i\000\363\000n}{chapter*.12}% 34
\BOOKMARK [1][-]{section.6.2}{\376\377\000E\000s\000t\000u\000d\000i\000o\000\040\000y\000\040\000r\000e\000s\000u\000l\000t\000a\000d\000o\000s\000\040\000e\000x\000t\000r\000a\000\355\000d\000o\000s\000\040\000d\000e\000l\000\040\000a\000n\000\341\000l\000i\000s\000i\000s\000\040\000p\000r\000e\000v\000i\000o\000\040\000d\000e\000\040\000l\000o\000s\000\040\000d\000a\000t\000o\000s}{chapter*.12}% 35
\BOOKMARK [1][-]{section.6.3}{\376\377\000E\000s\000t\000u\000d\000i\000o\000\040\000y\000\040\000r\000e\000s\000u\000l\000t\000a\000d\000o\000s\000\040\000e\000x\000t\000r\000a\000\355\000d\000o\000s\000\040\000a\000l\000\040\000e\000n\000t\000r\000e\000n\000a\000r\000\040\000l\000o\000s\000\040\000m\000o\000d\000e\000l\000o\000s}{chapter*.12}% 36
\BOOKMARK [0][-]{chapter*.13}{\376\377\0007\000.\000\040\000C\000o\000n\000c\000l\000u\000s\000i\000o\000n\000e\000s\000\040\000g\000e\000n\000e\000r\000a\000l\000e\000s\000\040\000y\000\040\000l\000\355\000n\000e\000a\000s\000\040\000d\000e\000\040\000t\000r\000a\000b\000a\000j\000o\000\040\000f\000u\000t\000u\000r\000a\000s}{}% 37
\BOOKMARK [1][-]{section.7.1}{\376\377\000I\000n\000t\000r\000o\000d\000u\000c\000c\000i\000\363\000n}{chapter*.13}% 38
\BOOKMARK [1][-]{section.7.2}{\376\377\000C\000o\000n\000c\000l\000u\000s\000i\000o\000n\000e\000s}{chapter*.13}% 39
\BOOKMARK [1][-]{section.7.3}{\376\377\000R\000e\000v\000i\000s\000i\000\363\000n\000\040\000s\000o\000b\000r\000e\000\040\000l\000a\000\040\000c\000o\000n\000s\000e\000c\000u\000c\000i\000\363\000n\000\040\000d\000e\000\040\000l\000o\000s\000\040\000o\000b\000j\000e\000t\000i\000v\000o\000s}{chapter*.13}% 40
\BOOKMARK [1][-]{section.7.4}{\376\377\000L\000\355\000n\000e\000a\000s\000\040\000d\000e\000\040\000t\000r\000a\000b\000a\000j\000o\000\040\000f\000u\000t\000u\000r\000a\000s}{chapter*.13}% 41
\BOOKMARK [1][-]{section.7.5}{\376\377\000L\000i\000m\000i\000t\000a\000c\000i\000o\000n\000e\000s\000.}{chapter*.13}% 42
\BOOKMARK [-1][-]{section.7.5}{\376\377\000A\000p\000\351\000n\000d\000i\000c\000e\000s}{}% 43
\BOOKMARK [0][-]{appendix.Alph1}{\376\377\000M\000a\000n\000u\000a\000l\000\040\000d\000e\000\040\000i\000n\000s\000t\000a\000l\000a\000c\000i\000\363\000n}{section.7.5}% 44
\BOOKMARK [1][-]{section.Alph1.1}{\376\377\000E\000n\000l\000a\000c\000e\000\040\000a\000l\000\040\000r\000e\000p\000o\000s\000i\000t\000o\000r\000i\000o}{appendix.Alph1}% 45
\BOOKMARK [1][-]{section.Alph1.2}{\376\377\000D\000e\000s\000p\000l\000i\000e\000g\000u\000e\000\040\000e\000\040\000i\000n\000s\000t\000a\000l\000a\000c\000i\000\363\000n}{appendix.Alph1}% 46
\BOOKMARK [0][-]{appendix.Alph2}{\376\377\000C\000o\000m\000b\000i\000n\000a\000c\000i\000o\000n\000e\000s\000\040\000d\000e\000\040\000p\000a\000r\000\341\000m\000e\000t\000r\000o\000s\000\040\000e\000v\000a\000l\000u\000a\000d\000a\000s\000\040\000p\000a\000r\000a\000\040\000l\000o\000s\000\040\000m\000o\000d\000e\000l\000o\000s\000\040\000d\000e\000\040\000m\000a\000c\000h\000i\000n\000e\000\040\000l\000e\000a\000r\000n\000i\000n\000g\000.}{section.7.5}% 47
\BOOKMARK [1][-]{section.Alph2.1}{\376\377\000I\000n\000t\000r\000o\000d\000u\000c\000c\000i\000\363\000n}{appendix.Alph2}% 48
\BOOKMARK [1][-]{section.Alph2.2}{\376\377\000C\000o\000m\000b\000i\000n\000a\000c\000i\000o\000n\000e\000s\000\040\000d\000e\000\040\000p\000a\000r\000\341\000m\000e\000t\000r\000o\000s\000.}{appendix.Alph2}% 49
\BOOKMARK [0][-]{appendix*.16}{\376\377\000B\000i\000b\000l\000i\000o\000g\000r\000a\000f\000\355\000a}{section.7.5}% 50
